{"/Users/messirichard/WebstormProjects/palmCodeSubmission/controller/users/submission.js": {"path":"/Users/messirichard/WebstormProjects/palmCodeSubmission/controller/users/submission.js","all":false,"statementMap":{"0":{"start":{"line":1,"column":0},"end":{"line":1,"column":45}},"1":{"start":{"line":2,"column":0},"end":{"line":2,"column":66}},"2":{"start":{"line":3,"column":0},"end":{"line":3,"column":34}},"3":{"start":{"line":4,"column":0},"end":{"line":4,"column":0}},"4":{"start":{"line":5,"column":0},"end":{"line":5,"column":3}},"5":{"start":{"line":6,"column":0},"end":{"line":6,"column":31}},"6":{"start":{"line":7,"column":0},"end":{"line":7,"column":13}},"7":{"start":{"line":8,"column":0},"end":{"line":8,"column":13}},"8":{"start":{"line":9,"column":0},"end":{"line":9,"column":27}},"9":{"start":{"line":10,"column":0},"end":{"line":10,"column":3}},"10":{"start":{"line":11,"column":0},"end":{"line":11,"column":47}},"11":{"start":{"line":12,"column":0},"end":{"line":12,"column":64}},"12":{"start":{"line":13,"column":0},"end":{"line":13,"column":9}},"13":{"start":{"line":14,"column":0},"end":{"line":14,"column":88}},"14":{"start":{"line":15,"column":0},"end":{"line":15,"column":111}},"15":{"start":{"line":16,"column":0},"end":{"line":16,"column":54}},"16":{"start":{"line":17,"column":0},"end":{"line":17,"column":0}},"17":{"start":{"line":18,"column":0},"end":{"line":18,"column":26}},"18":{"start":{"line":19,"column":0},"end":{"line":19,"column":70}},"19":{"start":{"line":20,"column":0},"end":{"line":20,"column":9}},"20":{"start":{"line":21,"column":0},"end":{"line":21,"column":0}},"21":{"start":{"line":22,"column":0},"end":{"line":22,"column":44}},"22":{"start":{"line":23,"column":0},"end":{"line":23,"column":73}},"23":{"start":{"line":24,"column":0},"end":{"line":24,"column":30}},"24":{"start":{"line":25,"column":0},"end":{"line":25,"column":34}},"25":{"start":{"line":26,"column":0},"end":{"line":26,"column":43}},"26":{"start":{"line":27,"column":0},"end":{"line":27,"column":21}},"27":{"start":{"line":28,"column":0},"end":{"line":28,"column":17}},"28":{"start":{"line":29,"column":0},"end":{"line":29,"column":15}},"29":{"start":{"line":30,"column":0},"end":{"line":30,"column":118}},"30":{"start":{"line":31,"column":0},"end":{"line":31,"column":83}},"31":{"start":{"line":32,"column":0},"end":{"line":32,"column":9}},"32":{"start":{"line":33,"column":0},"end":{"line":33,"column":0}},"33":{"start":{"line":34,"column":0},"end":{"line":34,"column":59}},"34":{"start":{"line":35,"column":0},"end":{"line":35,"column":17}},"35":{"start":{"line":36,"column":0},"end":{"line":36,"column":18}},"36":{"start":{"line":37,"column":0},"end":{"line":37,"column":28}},"37":{"start":{"line":38,"column":0},"end":{"line":38,"column":23}},"38":{"start":{"line":39,"column":0},"end":{"line":39,"column":11}},"39":{"start":{"line":40,"column":0},"end":{"line":40,"column":0}},"40":{"start":{"line":41,"column":0},"end":{"line":41,"column":114}},"41":{"start":{"line":42,"column":0},"end":{"line":42,"column":0}},"42":{"start":{"line":43,"column":0},"end":{"line":43,"column":91}},"43":{"start":{"line":44,"column":0},"end":{"line":44,"column":21}},"44":{"start":{"line":45,"column":0},"end":{"line":45,"column":65}},"45":{"start":{"line":46,"column":0},"end":{"line":46,"column":5}},"46":{"start":{"line":47,"column":0},"end":{"line":47,"column":1}},"47":{"start":{"line":48,"column":0},"end":{"line":48,"column":0}},"48":{"start":{"line":49,"column":0},"end":{"line":49,"column":3}},"49":{"start":{"line":50,"column":0},"end":{"line":50,"column":31}},"50":{"start":{"line":51,"column":0},"end":{"line":51,"column":13}},"51":{"start":{"line":52,"column":0},"end":{"line":52,"column":13}},"52":{"start":{"line":53,"column":0},"end":{"line":53,"column":27}},"53":{"start":{"line":54,"column":0},"end":{"line":54,"column":3}},"54":{"start":{"line":55,"column":0},"end":{"line":55,"column":47}},"55":{"start":{"line":56,"column":0},"end":{"line":56,"column":62}},"56":{"start":{"line":57,"column":0},"end":{"line":57,"column":35}},"57":{"start":{"line":58,"column":0},"end":{"line":58,"column":0}},"58":{"start":{"line":59,"column":0},"end":{"line":59,"column":9}},"59":{"start":{"line":60,"column":0},"end":{"line":60,"column":74}},"60":{"start":{"line":61,"column":0},"end":{"line":61,"column":0}},"61":{"start":{"line":62,"column":0},"end":{"line":62,"column":84}},"62":{"start":{"line":63,"column":0},"end":{"line":63,"column":104}},"63":{"start":{"line":64,"column":0},"end":{"line":64,"column":9}},"64":{"start":{"line":65,"column":0},"end":{"line":65,"column":0}},"65":{"start":{"line":66,"column":0},"end":{"line":66,"column":23}},"66":{"start":{"line":67,"column":0},"end":{"line":67,"column":71}},"67":{"start":{"line":68,"column":0},"end":{"line":68,"column":9}},"68":{"start":{"line":69,"column":0},"end":{"line":69,"column":0}},"69":{"start":{"line":70,"column":0},"end":{"line":70,"column":68}},"70":{"start":{"line":71,"column":0},"end":{"line":71,"column":80}},"71":{"start":{"line":72,"column":0},"end":{"line":72,"column":9}},"72":{"start":{"line":73,"column":0},"end":{"line":73,"column":0}},"73":{"start":{"line":74,"column":0},"end":{"line":74,"column":90}},"74":{"start":{"line":75,"column":0},"end":{"line":75,"column":0}},"75":{"start":{"line":76,"column":0},"end":{"line":76,"column":29}},"76":{"start":{"line":77,"column":0},"end":{"line":77,"column":74}},"77":{"start":{"line":78,"column":0},"end":{"line":78,"column":9}},"78":{"start":{"line":79,"column":0},"end":{"line":79,"column":0}},"79":{"start":{"line":80,"column":0},"end":{"line":80,"column":40}},"80":{"start":{"line":81,"column":0},"end":{"line":81,"column":31}},"81":{"start":{"line":82,"column":0},"end":{"line":82,"column":17}},"82":{"start":{"line":83,"column":0},"end":{"line":83,"column":23}},"83":{"start":{"line":84,"column":0},"end":{"line":84,"column":12}},"84":{"start":{"line":85,"column":0},"end":{"line":85,"column":25}},"85":{"start":{"line":86,"column":0},"end":{"line":86,"column":11}},"86":{"start":{"line":87,"column":0},"end":{"line":87,"column":0}},"87":{"start":{"line":88,"column":0},"end":{"line":88,"column":85}},"88":{"start":{"line":89,"column":0},"end":{"line":89,"column":21}},"89":{"start":{"line":90,"column":0},"end":{"line":90,"column":65}},"90":{"start":{"line":91,"column":0},"end":{"line":91,"column":5}},"91":{"start":{"line":92,"column":0},"end":{"line":92,"column":1}},"92":{"start":{"line":93,"column":0},"end":{"line":93,"column":0}},"93":{"start":{"line":94,"column":0},"end":{"line":94,"column":3}},"94":{"start":{"line":95,"column":0},"end":{"line":95,"column":31}},"95":{"start":{"line":96,"column":0},"end":{"line":96,"column":13}},"96":{"start":{"line":97,"column":0},"end":{"line":97,"column":13}},"97":{"start":{"line":98,"column":0},"end":{"line":98,"column":27}},"98":{"start":{"line":99,"column":0},"end":{"line":99,"column":3}},"99":{"start":{"line":100,"column":0},"end":{"line":100,"column":47}},"100":{"start":{"line":101,"column":0},"end":{"line":101,"column":35}},"101":{"start":{"line":102,"column":0},"end":{"line":102,"column":0}},"102":{"start":{"line":103,"column":0},"end":{"line":103,"column":9}},"103":{"start":{"line":104,"column":0},"end":{"line":104,"column":74}},"104":{"start":{"line":105,"column":0},"end":{"line":105,"column":0}},"105":{"start":{"line":106,"column":0},"end":{"line":106,"column":23}},"106":{"start":{"line":107,"column":0},"end":{"line":107,"column":71}},"107":{"start":{"line":108,"column":0},"end":{"line":108,"column":9}},"108":{"start":{"line":109,"column":0},"end":{"line":109,"column":0}},"109":{"start":{"line":110,"column":0},"end":{"line":110,"column":23}},"110":{"start":{"line":111,"column":0},"end":{"line":111,"column":44}},"111":{"start":{"line":112,"column":0},"end":{"line":112,"column":39}},"112":{"start":{"line":113,"column":0},"end":{"line":113,"column":16}},"113":{"start":{"line":114,"column":0},"end":{"line":114,"column":29}},"114":{"start":{"line":115,"column":0},"end":{"line":115,"column":15}},"115":{"start":{"line":116,"column":0},"end":{"line":116,"column":9}},"116":{"start":{"line":117,"column":0},"end":{"line":117,"column":0}},"117":{"start":{"line":118,"column":0},"end":{"line":118,"column":37}},"118":{"start":{"line":119,"column":0},"end":{"line":119,"column":56}},"119":{"start":{"line":120,"column":0},"end":{"line":120,"column":36}},"120":{"start":{"line":121,"column":0},"end":{"line":121,"column":11}},"121":{"start":{"line":122,"column":0},"end":{"line":122,"column":0}},"122":{"start":{"line":123,"column":0},"end":{"line":123,"column":21}},"123":{"start":{"line":124,"column":0},"end":{"line":124,"column":65}},"124":{"start":{"line":125,"column":0},"end":{"line":125,"column":5}},"125":{"start":{"line":126,"column":0},"end":{"line":126,"column":1}},"126":{"start":{"line":127,"column":0},"end":{"line":127,"column":0}},"127":{"start":{"line":128,"column":0},"end":{"line":128,"column":49}},"128":{"start":{"line":129,"column":0},"end":{"line":129,"column":38}},"129":{"start":{"line":130,"column":0},"end":{"line":130,"column":9}},"130":{"start":{"line":131,"column":0},"end":{"line":131,"column":60}},"131":{"start":{"line":132,"column":0},"end":{"line":132,"column":20}},"132":{"start":{"line":133,"column":0},"end":{"line":133,"column":18}},"133":{"start":{"line":134,"column":0},"end":{"line":134,"column":13}},"134":{"start":{"line":135,"column":0},"end":{"line":135,"column":11}},"135":{"start":{"line":136,"column":0},"end":{"line":136,"column":0}},"136":{"start":{"line":137,"column":0},"end":{"line":137,"column":26}},"137":{"start":{"line":138,"column":0},"end":{"line":138,"column":82}},"138":{"start":{"line":139,"column":0},"end":{"line":139,"column":9}},"139":{"start":{"line":140,"column":0},"end":{"line":140,"column":0}},"140":{"start":{"line":141,"column":0},"end":{"line":141,"column":70}},"141":{"start":{"line":142,"column":0},"end":{"line":142,"column":0}},"142":{"start":{"line":143,"column":0},"end":{"line":143,"column":78}},"143":{"start":{"line":144,"column":0},"end":{"line":144,"column":0}},"144":{"start":{"line":145,"column":0},"end":{"line":145,"column":21}},"145":{"start":{"line":146,"column":0},"end":{"line":146,"column":64}},"146":{"start":{"line":147,"column":0},"end":{"line":147,"column":5}},"147":{"start":{"line":148,"column":0},"end":{"line":148,"column":1}}},"s":{"0":1,"1":1,"2":1,"3":1,"4":1,"5":1,"6":1,"7":1,"8":1,"9":1,"10":1,"11":0,"12":0,"13":0,"14":0,"15":0,"16":0,"17":0,"18":0,"19":0,"20":0,"21":0,"22":0,"23":0,"24":0,"25":0,"26":0,"27":0,"28":0,"29":0,"30":0,"31":0,"32":0,"33":0,"34":0,"35":0,"36":0,"37":0,"38":0,"39":0,"40":0,"41":0,"42":0,"43":0,"44":0,"45":1,"46":1,"47":1,"48":1,"49":1,"50":1,"51":1,"52":1,"53":1,"54":1,"55":0,"56":0,"57":0,"58":0,"59":0,"60":0,"61":0,"62":0,"63":0,"64":0,"65":0,"66":0,"67":0,"68":0,"69":0,"70":0,"71":0,"72":0,"73":0,"74":0,"75":0,"76":0,"77":0,"78":0,"79":0,"80":0,"81":0,"82":0,"83":0,"84":0,"85":0,"86":0,"87":0,"88":0,"89":0,"90":1,"91":1,"92":1,"93":1,"94":1,"95":1,"96":1,"97":1,"98":1,"99":1,"100":0,"101":0,"102":0,"103":0,"104":0,"105":0,"106":0,"107":0,"108":0,"109":0,"110":0,"111":0,"112":0,"113":0,"114":0,"115":0,"116":0,"117":0,"118":0,"119":0,"120":0,"121":0,"122":0,"123":0,"124":1,"125":1,"126":1,"127":1,"128":0,"129":0,"130":0,"131":0,"132":0,"133":0,"134":0,"135":0,"136":0,"137":0,"138":0,"139":0,"140":0,"141":0,"142":0,"143":0,"144":0,"145":0,"146":1,"147":1},"branchMap":{"0":{"type":"branch","line":2,"loc":{"start":{"line":2,"column":0},"end":{"line":2,"column":7}},"locations":[{"start":{"line":2,"column":0},"end":{"line":2,"column":7}}]},"1":{"type":"branch","line":2,"loc":{"start":{"line":2,"column":0},"end":{"line":2,"column":7}},"locations":[{"start":{"line":2,"column":0},"end":{"line":2,"column":7}}]},"2":{"type":"branch","line":2,"loc":{"start":{"line":2,"column":0},"end":{"line":2,"column":7}},"locations":[{"start":{"line":2,"column":0},"end":{"line":2,"column":7}}]},"3":{"type":"branch","line":2,"loc":{"start":{"line":2,"column":0},"end":{"line":2,"column":7}},"locations":[{"start":{"line":2,"column":0},"end":{"line":2,"column":7}}]},"4":{"type":"branch","line":2,"loc":{"start":{"line":2,"column":0},"end":{"line":2,"column":7}},"locations":[{"start":{"line":2,"column":0},"end":{"line":2,"column":7}}]},"5":{"type":"branch","line":2,"loc":{"start":{"line":2,"column":0},"end":{"line":2,"column":7}},"locations":[{"start":{"line":2,"column":0},"end":{"line":2,"column":7}}]},"6":{"type":"branch","line":2,"loc":{"start":{"line":2,"column":0},"end":{"line":2,"column":7}},"locations":[{"start":{"line":2,"column":0},"end":{"line":2,"column":7}}]},"7":{"type":"branch","line":2,"loc":{"start":{"line":2,"column":0},"end":{"line":2,"column":7}},"locations":[{"start":{"line":2,"column":0},"end":{"line":2,"column":7}}]},"8":{"type":"branch","line":2,"loc":{"start":{"line":2,"column":0},"end":{"line":2,"column":7}},"locations":[{"start":{"line":2,"column":0},"end":{"line":2,"column":7}}]},"9":{"type":"branch","line":2,"loc":{"start":{"line":2,"column":0},"end":{"line":2,"column":7}},"locations":[{"start":{"line":2,"column":0},"end":{"line":2,"column":7}}]},"10":{"type":"branch","line":2,"loc":{"start":{"line":2,"column":0},"end":{"line":2,"column":7}},"locations":[{"start":{"line":2,"column":0},"end":{"line":2,"column":7}}]},"11":{"type":"branch","line":2,"loc":{"start":{"line":2,"column":0},"end":{"line":2,"column":7}},"locations":[{"start":{"line":2,"column":0},"end":{"line":2,"column":7}}]},"12":{"type":"branch","line":2,"loc":{"start":{"line":2,"column":0},"end":{"line":2,"column":7}},"locations":[{"start":{"line":2,"column":0},"end":{"line":2,"column":7}}]},"13":{"type":"branch","line":2,"loc":{"start":{"line":2,"column":0},"end":{"line":2,"column":7}},"locations":[{"start":{"line":2,"column":0},"end":{"line":2,"column":7}}]},"14":{"type":"branch","line":2,"loc":{"start":{"line":2,"column":0},"end":{"line":2,"column":7}},"locations":[{"start":{"line":2,"column":0},"end":{"line":2,"column":7}}]},"15":{"type":"branch","line":2,"loc":{"start":{"line":2,"column":0},"end":{"line":2,"column":7}},"locations":[{"start":{"line":2,"column":0},"end":{"line":2,"column":7}}]},"16":{"type":"branch","line":2,"loc":{"start":{"line":2,"column":0},"end":{"line":2,"column":7}},"locations":[{"start":{"line":2,"column":0},"end":{"line":2,"column":7}}]},"17":{"type":"branch","line":2,"loc":{"start":{"line":2,"column":0},"end":{"line":2,"column":7}},"locations":[{"start":{"line":2,"column":0},"end":{"line":2,"column":7}}]},"18":{"type":"branch","line":11,"loc":{"start":{"line":11,"column":23},"end":{"line":47,"column":1}},"locations":[{"start":{"line":11,"column":23},"end":{"line":47,"column":1}}]},"19":{"type":"branch","line":55,"loc":{"start":{"line":55,"column":23},"end":{"line":92,"column":1}},"locations":[{"start":{"line":55,"column":23},"end":{"line":92,"column":1}}]},"20":{"type":"branch","line":100,"loc":{"start":{"line":100,"column":23},"end":{"line":126,"column":1}},"locations":[{"start":{"line":100,"column":23},"end":{"line":126,"column":1}}]},"21":{"type":"branch","line":128,"loc":{"start":{"line":128,"column":25},"end":{"line":148,"column":1}},"locations":[{"start":{"line":128,"column":25},"end":{"line":148,"column":1}}]}},"b":{"0":[1],"1":[0],"2":[0],"3":[0],"4":[0],"5":[0],"6":[0],"7":[3],"8":[13],"9":[2],"10":[6],"11":[1],"12":[0],"13":[0],"14":[0],"15":[4],"16":[0],"17":[4],"18":[1],"19":[1],"20":[1],"21":[1]},"fnMap":{"0":{"name":"_regeneratorRuntime","decl":{"start":{"line":2,"column":0},"end":{"line":2,"column":7}},"loc":{"start":{"line":2,"column":0},"end":{"line":2,"column":7}},"line":2},"1":{"name":"_regeneratorRuntime","decl":{"start":{"line":2,"column":0},"end":{"line":2,"column":7}},"loc":{"start":{"line":2,"column":0},"end":{"line":2,"column":7}},"line":2},"2":{"name":"o","decl":{"start":{"line":2,"column":0},"end":{"line":2,"column":7}},"loc":{"start":{"line":2,"column":0},"end":{"line":2,"column":7}},"line":2},"3":{"name":"define","decl":{"start":{"line":2,"column":0},"end":{"line":2,"column":7}},"loc":{"start":{"line":2,"column":0},"end":{"line":2,"column":7}},"line":2},"4":{"name":"define","decl":{"start":{"line":2,"column":0},"end":{"line":2,"column":7}},"loc":{"start":{"line":2,"column":0},"end":{"line":2,"column":7}},"line":2},"5":{"name":"wrap","decl":{"start":{"line":2,"column":0},"end":{"line":2,"column":7}},"loc":{"start":{"line":2,"column":0},"end":{"line":2,"column":7}},"line":2},"6":{"name":"tryCatch","decl":{"start":{"line":2,"column":0},"end":{"line":2,"column":7}},"loc":{"start":{"line":2,"column":0},"end":{"line":2,"column":7}},"line":2},"7":{"name":"Generator","decl":{"start":{"line":2,"column":0},"end":{"line":2,"column":7}},"loc":{"start":{"line":2,"column":0},"end":{"line":2,"column":7}},"line":2},"8":{"name":"GeneratorFunction","decl":{"start":{"line":2,"column":0},"end":{"line":2,"column":7}},"loc":{"start":{"line":2,"column":0},"end":{"line":2,"column":7}},"line":2},"9":{"name":"GeneratorFunctionPrototype","decl":{"start":{"line":2,"column":0},"end":{"line":2,"column":7}},"loc":{"start":{"line":2,"column":0},"end":{"line":2,"column":7}},"line":2},"10":{"name":"defineIteratorMethods","decl":{"start":{"line":2,"column":0},"end":{"line":2,"column":7}},"loc":{"start":{"line":2,"column":0},"end":{"line":2,"column":7}},"line":2},"11":{"name":"AsyncIterator","decl":{"start":{"line":2,"column":0},"end":{"line":2,"column":7}},"loc":{"start":{"line":2,"column":0},"end":{"line":2,"column":7}},"line":2},"12":{"name":"makeInvokeMethod","decl":{"start":{"line":2,"column":0},"end":{"line":2,"column":7}},"loc":{"start":{"line":2,"column":0},"end":{"line":2,"column":7}},"line":2},"13":{"name":"maybeInvokeDelegate","decl":{"start":{"line":2,"column":0},"end":{"line":2,"column":7}},"loc":{"start":{"line":2,"column":0},"end":{"line":2,"column":7}},"line":2},"14":{"name":"pushTryEntry","decl":{"start":{"line":2,"column":0},"end":{"line":2,"column":7}},"loc":{"start":{"line":2,"column":0},"end":{"line":2,"column":7}},"line":2},"15":{"name":"resetTryEntry","decl":{"start":{"line":2,"column":0},"end":{"line":2,"column":7}},"loc":{"start":{"line":2,"column":0},"end":{"line":2,"column":7}},"line":2},"16":{"name":"Context","decl":{"start":{"line":2,"column":0},"end":{"line":2,"column":7}},"loc":{"start":{"line":2,"column":0},"end":{"line":2,"column":7}},"line":2},"17":{"name":"values","decl":{"start":{"line":2,"column":0},"end":{"line":2,"column":7}},"loc":{"start":{"line":2,"column":0},"end":{"line":2,"column":7}},"line":2},"18":{"name":"next","decl":{"start":{"line":2,"column":0},"end":{"line":2,"column":7}},"loc":{"start":{"line":2,"column":0},"end":{"line":2,"column":7}},"line":2},"19":{"name":"e.isGeneratorFunction","decl":{"start":{"line":2,"column":0},"end":{"line":2,"column":7}},"loc":{"start":{"line":2,"column":0},"end":{"line":2,"column":7}},"line":2},"20":{"name":"e.mark","decl":{"start":{"line":2,"column":0},"end":{"line":2,"column":7}},"loc":{"start":{"line":2,"column":0},"end":{"line":2,"column":7}},"line":2},"21":{"name":"e.awrap","decl":{"start":{"line":2,"column":0},"end":{"line":2,"column":7}},"loc":{"start":{"line":2,"column":0},"end":{"line":2,"column":7}},"line":2},"22":{"name":"e.async","decl":{"start":{"line":2,"column":0},"end":{"line":2,"column":7}},"loc":{"start":{"line":2,"column":0},"end":{"line":2,"column":7}},"line":2},"23":{"name":"e.keys","decl":{"start":{"line":2,"column":0},"end":{"line":2,"column":7}},"loc":{"start":{"line":2,"column":0},"end":{"line":2,"column":7}},"line":2},"24":{"name":"reset","decl":{"start":{"line":2,"column":0},"end":{"line":2,"column":7}},"loc":{"start":{"line":2,"column":0},"end":{"line":2,"column":7}},"line":2},"25":{"name":"stop","decl":{"start":{"line":2,"column":0},"end":{"line":2,"column":7}},"loc":{"start":{"line":2,"column":0},"end":{"line":2,"column":7}},"line":2},"26":{"name":"dispatchException","decl":{"start":{"line":2,"column":0},"end":{"line":2,"column":7}},"loc":{"start":{"line":2,"column":0},"end":{"line":2,"column":7}},"line":2},"27":{"name":"abrupt","decl":{"start":{"line":2,"column":0},"end":{"line":2,"column":7}},"loc":{"start":{"line":2,"column":0},"end":{"line":2,"column":7}},"line":2},"28":{"name":"complete","decl":{"start":{"line":2,"column":0},"end":{"line":2,"column":7}},"loc":{"start":{"line":2,"column":0},"end":{"line":2,"column":7}},"line":2},"29":{"name":"finish","decl":{"start":{"line":2,"column":0},"end":{"line":2,"column":7}},"loc":{"start":{"line":2,"column":0},"end":{"line":2,"column":7}},"line":2},"30":{"name":"_catch","decl":{"start":{"line":2,"column":0},"end":{"line":2,"column":7}},"loc":{"start":{"line":2,"column":0},"end":{"line":2,"column":7}},"line":2},"31":{"name":"delegateYield","decl":{"start":{"line":2,"column":0},"end":{"line":2,"column":7}},"loc":{"start":{"line":2,"column":0},"end":{"line":2,"column":7}},"line":2},"32":{"name":"_defineProperty","decl":{"start":{"line":2,"column":0},"end":{"line":2,"column":7}},"loc":{"start":{"line":2,"column":0},"end":{"line":2,"column":7}},"line":2},"33":{"name":"_toPropertyKey","decl":{"start":{"line":2,"column":0},"end":{"line":2,"column":7}},"loc":{"start":{"line":2,"column":0},"end":{"line":2,"column":7}},"line":2},"34":{"name":"_toPrimitive","decl":{"start":{"line":2,"column":0},"end":{"line":2,"column":7}},"loc":{"start":{"line":2,"column":0},"end":{"line":2,"column":7}},"line":2},"35":{"name":"asyncGeneratorStep","decl":{"start":{"line":2,"column":0},"end":{"line":2,"column":7}},"loc":{"start":{"line":2,"column":0},"end":{"line":2,"column":7}},"line":2},"36":{"name":"_asyncToGenerator","decl":{"start":{"line":2,"column":0},"end":{"line":2,"column":7}},"loc":{"start":{"line":2,"column":0},"end":{"line":2,"column":7}},"line":2},"37":{"name":"_callee","decl":{"start":{"line":11,"column":26},"end":{"line":45,"column":65}},"loc":{"start":{"line":11,"column":26},"end":{"line":45,"column":65}},"line":11},"38":{"name":"_callee2","decl":{"start":{"line":55,"column":26},"end":{"line":90,"column":65}},"loc":{"start":{"line":55,"column":26},"end":{"line":90,"column":65}},"line":55},"39":{"name":"_callee3","decl":{"start":{"line":100,"column":26},"end":{"line":124,"column":65}},"loc":{"start":{"line":100,"column":26},"end":{"line":124,"column":65}},"line":100},"40":{"name":"_callee4","decl":{"start":{"line":128,"column":28},"end":{"line":146,"column":64}},"loc":{"start":{"line":128,"column":28},"end":{"line":146,"column":64}},"line":128}},"f":{"0":1,"1":3,"2":0,"3":13,"4":0,"5":0,"6":0,"7":0,"8":0,"9":0,"10":2,"11":0,"12":0,"13":0,"14":0,"15":0,"16":0,"17":1,"18":0,"19":0,"20":4,"21":0,"22":0,"23":0,"24":0,"25":0,"26":0,"27":0,"28":0,"29":0,"30":0,"31":0,"32":0,"33":0,"34":0,"35":0,"36":4,"37":0,"38":0,"39":0,"40":0}}
,"/Users/messirichard/WebstormProjects/palmCodeSubmission/models/admin.js": {"path":"/Users/messirichard/WebstormProjects/palmCodeSubmission/models/admin.js","all":false,"statementMap":{"0":{"start":{"line":1,"column":0},"end":{"line":1,"column":13}},"1":{"start":{"line":2,"column":0},"end":{"line":2,"column":7}},"2":{"start":{"line":3,"column":0},"end":{"line":3,"column":7}},"3":{"start":{"line":4,"column":0},"end":{"line":4,"column":25}},"4":{"start":{"line":5,"column":0},"end":{"line":5,"column":44}},"5":{"start":{"line":6,"column":0},"end":{"line":6,"column":29}},"6":{"start":{"line":7,"column":0},"end":{"line":7,"column":7}},"7":{"start":{"line":8,"column":0},"end":{"line":8,"column":47}},"8":{"start":{"line":9,"column":0},"end":{"line":9,"column":56}},"9":{"start":{"line":10,"column":0},"end":{"line":10,"column":67}},"10":{"start":{"line":11,"column":0},"end":{"line":11,"column":7}},"11":{"start":{"line":12,"column":0},"end":{"line":12,"column":30}},"12":{"start":{"line":13,"column":0},"end":{"line":13,"column":32}},"13":{"start":{"line":14,"column":0},"end":{"line":14,"column":5}},"14":{"start":{"line":15,"column":0},"end":{"line":15,"column":3}},"15":{"start":{"line":16,"column":0},"end":{"line":16,"column":14}},"16":{"start":{"line":17,"column":0},"end":{"line":17,"column":28}},"17":{"start":{"line":18,"column":0},"end":{"line":18,"column":30}},"18":{"start":{"line":19,"column":0},"end":{"line":19,"column":6}},"19":{"start":{"line":20,"column":0},"end":{"line":20,"column":14}},"20":{"start":{"line":21,"column":0},"end":{"line":21,"column":23}},"21":{"start":{"line":22,"column":0},"end":{"line":22,"column":5}},"22":{"start":{"line":23,"column":0},"end":{"line":23,"column":15}},"23":{"start":{"line":24,"column":0},"end":{"line":24,"column":2}}},"s":{"0":1,"1":1,"2":1,"3":1,"4":1,"5":1,"6":1,"7":1,"8":1,"9":1,"10":1,"11":1,"12":1,"13":1,"14":1,"15":1,"16":1,"17":1,"18":1,"19":1,"20":1,"21":1,"22":1,"23":1},"branchMap":{"0":{"type":"branch","line":5,"loc":{"start":{"line":5,"column":17},"end":{"line":24,"column":2}},"locations":[{"start":{"line":5,"column":17},"end":{"line":24,"column":2}}]},"1":{"type":"branch","line":6,"loc":{"start":{"line":6,"column":13},"end":{"line":14,"column":5}},"locations":[{"start":{"line":6,"column":13},"end":{"line":14,"column":5}}]},"2":{"type":"branch","line":12,"loc":{"start":{"line":12,"column":4},"end":{"line":13,"column":32}},"locations":[{"start":{"line":12,"column":4},"end":{"line":13,"column":32}}]}},"b":{"0":[1],"1":[1],"2":[1]},"fnMap":{"0":{"name":"Object.<anonymous>.module.exports","decl":{"start":{"line":5,"column":17},"end":{"line":24,"column":2}},"loc":{"start":{"line":5,"column":17},"end":{"line":24,"column":2}},"line":5},"1":{"name":"Admin","decl":{"start":{"line":6,"column":13},"end":{"line":6,"column":22}},"loc":{"start":{"line":6,"column":13},"end":{"line":6,"column":22}},"line":6},"2":{"name":"associate","decl":{"start":{"line":12,"column":4},"end":{"line":13,"column":32}},"loc":{"start":{"line":12,"column":4},"end":{"line":13,"column":32}},"line":12}},"f":{"0":1,"1":0,"2":1}}
,"/Users/messirichard/WebstormProjects/palmCodeSubmission/models/country.js": {"path":"/Users/messirichard/WebstormProjects/palmCodeSubmission/models/country.js","all":false,"statementMap":{"0":{"start":{"line":1,"column":0},"end":{"line":1,"column":13}},"1":{"start":{"line":2,"column":0},"end":{"line":2,"column":7}},"2":{"start":{"line":3,"column":0},"end":{"line":3,"column":7}},"3":{"start":{"line":4,"column":0},"end":{"line":4,"column":25}},"4":{"start":{"line":5,"column":0},"end":{"line":5,"column":44}},"5":{"start":{"line":6,"column":0},"end":{"line":6,"column":31}},"6":{"start":{"line":7,"column":0},"end":{"line":7,"column":7}},"7":{"start":{"line":8,"column":0},"end":{"line":8,"column":47}},"8":{"start":{"line":9,"column":0},"end":{"line":9,"column":56}},"9":{"start":{"line":10,"column":0},"end":{"line":10,"column":67}},"10":{"start":{"line":11,"column":0},"end":{"line":11,"column":7}},"11":{"start":{"line":12,"column":0},"end":{"line":12,"column":30}},"12":{"start":{"line":13,"column":0},"end":{"line":13,"column":32}},"13":{"start":{"line":14,"column":0},"end":{"line":14,"column":5}},"14":{"start":{"line":15,"column":0},"end":{"line":15,"column":3}},"15":{"start":{"line":16,"column":0},"end":{"line":16,"column":16}},"16":{"start":{"line":17,"column":0},"end":{"line":17,"column":27}},"17":{"start":{"line":18,"column":0},"end":{"line":18,"column":27}},"18":{"start":{"line":19,"column":0},"end":{"line":19,"column":29}},"19":{"start":{"line":20,"column":0},"end":{"line":20,"column":6}},"20":{"start":{"line":21,"column":0},"end":{"line":21,"column":14}},"21":{"start":{"line":22,"column":0},"end":{"line":22,"column":25}},"22":{"start":{"line":23,"column":0},"end":{"line":23,"column":5}},"23":{"start":{"line":24,"column":0},"end":{"line":24,"column":17}},"24":{"start":{"line":25,"column":0},"end":{"line":25,"column":2}}},"s":{"0":1,"1":1,"2":1,"3":1,"4":1,"5":1,"6":1,"7":1,"8":1,"9":1,"10":1,"11":1,"12":1,"13":1,"14":1,"15":1,"16":1,"17":1,"18":1,"19":1,"20":1,"21":1,"22":1,"23":1,"24":1},"branchMap":{"0":{"type":"branch","line":5,"loc":{"start":{"line":5,"column":17},"end":{"line":25,"column":2}},"locations":[{"start":{"line":5,"column":17},"end":{"line":25,"column":2}}]},"1":{"type":"branch","line":6,"loc":{"start":{"line":6,"column":15},"end":{"line":14,"column":5}},"locations":[{"start":{"line":6,"column":15},"end":{"line":14,"column":5}}]},"2":{"type":"branch","line":12,"loc":{"start":{"line":12,"column":4},"end":{"line":13,"column":32}},"locations":[{"start":{"line":12,"column":4},"end":{"line":13,"column":32}}]}},"b":{"0":[1],"1":[1],"2":[1]},"fnMap":{"0":{"name":"Object.<anonymous>.module.exports","decl":{"start":{"line":5,"column":17},"end":{"line":25,"column":2}},"loc":{"start":{"line":5,"column":17},"end":{"line":25,"column":2}},"line":5},"1":{"name":"Country","decl":{"start":{"line":6,"column":15},"end":{"line":6,"column":24}},"loc":{"start":{"line":6,"column":15},"end":{"line":6,"column":24}},"line":6},"2":{"name":"associate","decl":{"start":{"line":12,"column":4},"end":{"line":13,"column":32}},"loc":{"start":{"line":12,"column":4},"end":{"line":13,"column":32}},"line":12}},"f":{"0":1,"1":0,"2":1}}
,"/Users/messirichard/WebstormProjects/palmCodeSubmission/models/index.js": {"path":"/Users/messirichard/WebstormProjects/palmCodeSubmission/models/index.js","all":false,"statementMap":{"0":{"start":{"line":1,"column":0},"end":{"line":1,"column":13}},"1":{"start":{"line":2,"column":0},"end":{"line":2,"column":0}},"2":{"start":{"line":3,"column":0},"end":{"line":3,"column":25}},"3":{"start":{"line":4,"column":0},"end":{"line":4,"column":29}},"4":{"start":{"line":5,"column":0},"end":{"line":5,"column":39}},"5":{"start":{"line":6,"column":0},"end":{"line":6,"column":35}},"6":{"start":{"line":7,"column":0},"end":{"line":7,"column":43}},"7":{"start":{"line":8,"column":0},"end":{"line":8,"column":50}},"8":{"start":{"line":9,"column":0},"end":{"line":9,"column":66}},"9":{"start":{"line":10,"column":0},"end":{"line":10,"column":14}},"10":{"start":{"line":11,"column":0},"end":{"line":11,"column":0}},"11":{"start":{"line":12,"column":0},"end":{"line":12,"column":14}},"12":{"start":{"line":13,"column":0},"end":{"line":13,"column":30}},"13":{"start":{"line":14,"column":0},"end":{"line":14,"column":74}},"14":{"start":{"line":15,"column":0},"end":{"line":15,"column":8}},"15":{"start":{"line":16,"column":0},"end":{"line":16,"column":87}},"16":{"start":{"line":17,"column":0},"end":{"line":17,"column":1}},"17":{"start":{"line":18,"column":0},"end":{"line":18,"column":0}},"18":{"start":{"line":19,"column":0},"end":{"line":19,"column":2}},"19":{"start":{"line":20,"column":0},"end":{"line":20,"column":25}},"20":{"start":{"line":21,"column":0},"end":{"line":21,"column":19}},"21":{"start":{"line":22,"column":0},"end":{"line":22,"column":12}},"22":{"start":{"line":23,"column":0},"end":{"line":23,"column":32}},"23":{"start":{"line":24,"column":0},"end":{"line":24,"column":26}},"24":{"start":{"line":25,"column":0},"end":{"line":25,"column":33}},"25":{"start":{"line":26,"column":0},"end":{"line":26,"column":37}},"26":{"start":{"line":27,"column":0},"end":{"line":27,"column":6}},"27":{"start":{"line":28,"column":0},"end":{"line":28,"column":4}},"28":{"start":{"line":29,"column":0},"end":{"line":29,"column":20}},"29":{"start":{"line":30,"column":0},"end":{"line":30,"column":86}},"30":{"start":{"line":31,"column":0},"end":{"line":31,"column":27}},"31":{"start":{"line":32,"column":0},"end":{"line":32,"column":5}},"32":{"start":{"line":33,"column":0},"end":{"line":33,"column":0}},"33":{"start":{"line":34,"column":0},"end":{"line":34,"column":38}},"34":{"start":{"line":35,"column":0},"end":{"line":35,"column":32}},"35":{"start":{"line":36,"column":0},"end":{"line":36,"column":32}},"36":{"start":{"line":37,"column":0},"end":{"line":37,"column":3}},"37":{"start":{"line":38,"column":0},"end":{"line":38,"column":3}},"38":{"start":{"line":39,"column":0},"end":{"line":39,"column":0}},"39":{"start":{"line":40,"column":0},"end":{"line":40,"column":25}},"40":{"start":{"line":41,"column":0},"end":{"line":41,"column":25}},"41":{"start":{"line":42,"column":0},"end":{"line":42,"column":0}},"42":{"start":{"line":43,"column":0},"end":{"line":43,"column":20}}},"s":{"0":1,"1":1,"2":1,"3":1,"4":1,"5":1,"6":1,"7":1,"8":1,"9":1,"10":1,"11":1,"12":1,"13":0,"14":1,"15":1,"16":1,"17":1,"18":1,"19":1,"20":1,"21":5,"22":5,"23":5,"24":5,"25":4,"26":5,"27":5,"28":1,"29":4,"30":4,"31":1,"32":1,"33":1,"34":4,"35":4,"36":4,"37":1,"38":1,"39":1,"40":1,"41":1,"42":1},"branchMap":{"0":{"type":"branch","line":8,"loc":{"start":{"line":8,"column":32},"end":{"line":8,"column":49}},"locations":[{"start":{"line":8,"column":32},"end":{"line":8,"column":49}}]},"1":{"type":"branch","line":13,"loc":{"start":{"line":13,"column":29},"end":{"line":15,"column":7}},"locations":[{"start":{"line":13,"column":29},"end":{"line":15,"column":7}}]},"2":{"type":"branch","line":21,"loc":{"start":{"line":21,"column":10},"end":{"line":28,"column":4}},"locations":[{"start":{"line":21,"column":10},"end":{"line":28,"column":4}}]},"3":{"type":"branch","line":24,"loc":{"start":{"line":24,"column":23},"end":{"line":25,"column":30}},"locations":[{"start":{"line":24,"column":23},"end":{"line":25,"column":30}}]},"4":{"type":"branch","line":25,"loc":{"start":{"line":25,"column":30},"end":{"line":26,"column":37}},"locations":[{"start":{"line":25,"column":30},"end":{"line":26,"column":37}}]},"5":{"type":"branch","line":29,"loc":{"start":{"line":29,"column":11},"end":{"line":32,"column":4}},"locations":[{"start":{"line":29,"column":11},"end":{"line":32,"column":4}}]},"6":{"type":"branch","line":34,"loc":{"start":{"line":34,"column":24},"end":{"line":38,"column":2}},"locations":[{"start":{"line":34,"column":24},"end":{"line":38,"column":2}}]}},"b":{"0":[0],"1":[0],"2":[5],"3":[4],"4":[4],"5":[4],"6":[4]},"fnMap":{},"f":{}}
,"/Users/messirichard/WebstormProjects/palmCodeSubmission/models/submission.js": {"path":"/Users/messirichard/WebstormProjects/palmCodeSubmission/models/submission.js","all":false,"statementMap":{"0":{"start":{"line":1,"column":0},"end":{"line":1,"column":13}},"1":{"start":{"line":2,"column":0},"end":{"line":2,"column":7}},"2":{"start":{"line":3,"column":0},"end":{"line":3,"column":7}},"3":{"start":{"line":4,"column":0},"end":{"line":4,"column":25}},"4":{"start":{"line":5,"column":0},"end":{"line":5,"column":44}},"5":{"start":{"line":6,"column":0},"end":{"line":6,"column":34}},"6":{"start":{"line":7,"column":0},"end":{"line":7,"column":7}},"7":{"start":{"line":8,"column":0},"end":{"line":8,"column":47}},"8":{"start":{"line":9,"column":0},"end":{"line":9,"column":56}},"9":{"start":{"line":10,"column":0},"end":{"line":10,"column":67}},"10":{"start":{"line":11,"column":0},"end":{"line":11,"column":7}},"11":{"start":{"line":12,"column":0},"end":{"line":12,"column":30}},"12":{"start":{"line":13,"column":0},"end":{"line":13,"column":32}},"13":{"start":{"line":14,"column":0},"end":{"line":14,"column":44}},"14":{"start":{"line":15,"column":0},"end":{"line":15,"column":32}},"15":{"start":{"line":16,"column":0},"end":{"line":16,"column":9}},"16":{"start":{"line":17,"column":0},"end":{"line":17,"column":44}},"17":{"start":{"line":18,"column":0},"end":{"line":18,"column":34}},"18":{"start":{"line":19,"column":0},"end":{"line":19,"column":9}},"19":{"start":{"line":20,"column":0},"end":{"line":20,"column":5}},"20":{"start":{"line":21,"column":0},"end":{"line":21,"column":3}},"21":{"start":{"line":22,"column":0},"end":{"line":22,"column":19}},"22":{"start":{"line":23,"column":0},"end":{"line":23,"column":27}},"23":{"start":{"line":24,"column":0},"end":{"line":24,"column":35}},"24":{"start":{"line":25,"column":0},"end":{"line":25,"column":28}},"25":{"start":{"line":26,"column":0},"end":{"line":26,"column":38}},"26":{"start":{"line":27,"column":0},"end":{"line":27,"column":43}},"27":{"start":{"line":28,"column":0},"end":{"line":28,"column":25}},"28":{"start":{"line":29,"column":0},"end":{"line":29,"column":35}},"29":{"start":{"line":30,"column":0},"end":{"line":30,"column":30}},"30":{"start":{"line":31,"column":0},"end":{"line":31,"column":6}},"31":{"start":{"line":32,"column":0},"end":{"line":32,"column":14}},"32":{"start":{"line":33,"column":0},"end":{"line":33,"column":28}},"33":{"start":{"line":34,"column":0},"end":{"line":34,"column":5}},"34":{"start":{"line":35,"column":0},"end":{"line":35,"column":20}},"35":{"start":{"line":36,"column":0},"end":{"line":36,"column":2}}},"s":{"0":1,"1":1,"2":1,"3":1,"4":1,"5":1,"6":1,"7":1,"8":1,"9":1,"10":1,"11":1,"12":1,"13":1,"14":1,"15":1,"16":1,"17":1,"18":1,"19":1,"20":1,"21":1,"22":1,"23":1,"24":1,"25":1,"26":1,"27":1,"28":1,"29":1,"30":1,"31":1,"32":1,"33":1,"34":1,"35":1},"branchMap":{"0":{"type":"branch","line":5,"loc":{"start":{"line":5,"column":17},"end":{"line":36,"column":2}},"locations":[{"start":{"line":5,"column":17},"end":{"line":36,"column":2}}]},"1":{"type":"branch","line":6,"loc":{"start":{"line":6,"column":18},"end":{"line":20,"column":5}},"locations":[{"start":{"line":6,"column":18},"end":{"line":20,"column":5}}]},"2":{"type":"branch","line":12,"loc":{"start":{"line":12,"column":4},"end":{"line":20,"column":5}},"locations":[{"start":{"line":12,"column":4},"end":{"line":20,"column":5}}]}},"b":{"0":[1],"1":[1],"2":[1]},"fnMap":{"0":{"name":"Object.<anonymous>.module.exports","decl":{"start":{"line":5,"column":17},"end":{"line":36,"column":2}},"loc":{"start":{"line":5,"column":17},"end":{"line":36,"column":2}},"line":5},"1":{"name":"Submission","decl":{"start":{"line":6,"column":18},"end":{"line":6,"column":27}},"loc":{"start":{"line":6,"column":18},"end":{"line":6,"column":27}},"line":6},"2":{"name":"associate","decl":{"start":{"line":12,"column":4},"end":{"line":20,"column":5}},"loc":{"start":{"line":12,"column":4},"end":{"line":20,"column":5}},"line":12}},"f":{"0":1,"1":0,"2":1}}
,"/Users/messirichard/WebstormProjects/palmCodeSubmission/models/variant.js": {"path":"/Users/messirichard/WebstormProjects/palmCodeSubmission/models/variant.js","all":false,"statementMap":{"0":{"start":{"line":1,"column":0},"end":{"line":1,"column":13}},"1":{"start":{"line":2,"column":0},"end":{"line":2,"column":7}},"2":{"start":{"line":3,"column":0},"end":{"line":3,"column":7}},"3":{"start":{"line":4,"column":0},"end":{"line":4,"column":25}},"4":{"start":{"line":5,"column":0},"end":{"line":5,"column":44}},"5":{"start":{"line":6,"column":0},"end":{"line":6,"column":31}},"6":{"start":{"line":7,"column":0},"end":{"line":7,"column":7}},"7":{"start":{"line":8,"column":0},"end":{"line":8,"column":47}},"8":{"start":{"line":9,"column":0},"end":{"line":9,"column":56}},"9":{"start":{"line":10,"column":0},"end":{"line":10,"column":67}},"10":{"start":{"line":11,"column":0},"end":{"line":11,"column":7}},"11":{"start":{"line":12,"column":0},"end":{"line":12,"column":30}},"12":{"start":{"line":13,"column":0},"end":{"line":13,"column":41}},"13":{"start":{"line":14,"column":0},"end":{"line":14,"column":44}},"14":{"start":{"line":15,"column":0},"end":{"line":15,"column":36}},"15":{"start":{"line":16,"column":0},"end":{"line":16,"column":11}},"16":{"start":{"line":17,"column":0},"end":{"line":17,"column":5}},"17":{"start":{"line":18,"column":0},"end":{"line":18,"column":3}},"18":{"start":{"line":19,"column":0},"end":{"line":19,"column":16}},"19":{"start":{"line":20,"column":0},"end":{"line":20,"column":27}},"20":{"start":{"line":21,"column":0},"end":{"line":21,"column":29}},"21":{"start":{"line":22,"column":0},"end":{"line":22,"column":6}},"22":{"start":{"line":23,"column":0},"end":{"line":23,"column":14}},"23":{"start":{"line":24,"column":0},"end":{"line":24,"column":25}},"24":{"start":{"line":25,"column":0},"end":{"line":25,"column":5}},"25":{"start":{"line":26,"column":0},"end":{"line":26,"column":0}},"26":{"start":{"line":27,"column":0},"end":{"line":27,"column":17}},"27":{"start":{"line":28,"column":0},"end":{"line":28,"column":2}}},"s":{"0":1,"1":1,"2":1,"3":1,"4":1,"5":1,"6":1,"7":1,"8":1,"9":1,"10":1,"11":1,"12":1,"13":1,"14":1,"15":1,"16":1,"17":1,"18":1,"19":1,"20":1,"21":1,"22":1,"23":1,"24":1,"25":1,"26":1,"27":1},"branchMap":{"0":{"type":"branch","line":5,"loc":{"start":{"line":5,"column":17},"end":{"line":28,"column":2}},"locations":[{"start":{"line":5,"column":17},"end":{"line":28,"column":2}}]},"1":{"type":"branch","line":6,"loc":{"start":{"line":6,"column":15},"end":{"line":17,"column":5}},"locations":[{"start":{"line":6,"column":15},"end":{"line":17,"column":5}}]},"2":{"type":"branch","line":12,"loc":{"start":{"line":12,"column":4},"end":{"line":17,"column":5}},"locations":[{"start":{"line":12,"column":4},"end":{"line":17,"column":5}}]}},"b":{"0":[1],"1":[1],"2":[1]},"fnMap":{"0":{"name":"Object.<anonymous>.module.exports","decl":{"start":{"line":5,"column":17},"end":{"line":28,"column":2}},"loc":{"start":{"line":5,"column":17},"end":{"line":28,"column":2}},"line":5},"1":{"name":"Variant","decl":{"start":{"line":6,"column":15},"end":{"line":6,"column":24}},"loc":{"start":{"line":6,"column":15},"end":{"line":6,"column":24}},"line":6},"2":{"name":"associate","decl":{"start":{"line":12,"column":4},"end":{"line":17,"column":5}},"loc":{"start":{"line":12,"column":4},"end":{"line":17,"column":5}},"line":12}},"f":{"0":1,"1":0,"2":1}}
,"/Users/messirichard/WebstormProjects/palmCodeSubmission/util/util.js": {"path":"/Users/messirichard/WebstormProjects/palmCodeSubmission/util/util.js","all":false,"statementMap":{"0":{"start":{"line":1,"column":0},"end":{"line":1,"column":36}},"1":{"start":{"line":2,"column":0},"end":{"line":2,"column":35}},"2":{"start":{"line":3,"column":0},"end":{"line":3,"column":39}},"3":{"start":{"line":4,"column":0},"end":{"line":4,"column":3}},"4":{"start":{"line":5,"column":0},"end":{"line":5,"column":23}},"5":{"start":{"line":6,"column":0},"end":{"line":6,"column":14}},"6":{"start":{"line":7,"column":0},"end":{"line":7,"column":28}},"7":{"start":{"line":8,"column":0},"end":{"line":8,"column":3}},"8":{"start":{"line":9,"column":0},"end":{"line":9,"column":54}},"9":{"start":{"line":10,"column":0},"end":{"line":10,"column":21}},"10":{"start":{"line":11,"column":0},"end":{"line":11,"column":65}},"11":{"start":{"line":12,"column":0},"end":{"line":12,"column":1}},"12":{"start":{"line":13,"column":0},"end":{"line":13,"column":0}},"13":{"start":{"line":14,"column":0},"end":{"line":14,"column":36}},"14":{"start":{"line":15,"column":0},"end":{"line":15,"column":24}},"15":{"start":{"line":16,"column":0},"end":{"line":16,"column":22}},"16":{"start":{"line":17,"column":0},"end":{"line":17,"column":15}},"17":{"start":{"line":18,"column":0},"end":{"line":18,"column":62}},"18":{"start":{"line":19,"column":0},"end":{"line":19,"column":10}},"19":{"start":{"line":20,"column":0},"end":{"line":20,"column":2}},"20":{"start":{"line":21,"column":0},"end":{"line":21,"column":0}},"21":{"start":{"line":22,"column":0},"end":{"line":22,"column":53}},"22":{"start":{"line":23,"column":0},"end":{"line":23,"column":48}},"23":{"start":{"line":24,"column":0},"end":{"line":24,"column":1}},"24":{"start":{"line":25,"column":0},"end":{"line":25,"column":0}},"25":{"start":{"line":26,"column":0},"end":{"line":26,"column":51}},"26":{"start":{"line":27,"column":0},"end":{"line":27,"column":35}},"27":{"start":{"line":28,"column":0},"end":{"line":28,"column":27}},"28":{"start":{"line":29,"column":0},"end":{"line":29,"column":0}},"29":{"start":{"line":30,"column":0},"end":{"line":30,"column":12}},"30":{"start":{"line":31,"column":0},"end":{"line":31,"column":17}},"31":{"start":{"line":32,"column":0},"end":{"line":32,"column":15}},"32":{"start":{"line":33,"column":0},"end":{"line":33,"column":14}},"33":{"start":{"line":34,"column":0},"end":{"line":34,"column":6}},"34":{"start":{"line":35,"column":0},"end":{"line":35,"column":2}},"35":{"start":{"line":36,"column":0},"end":{"line":36,"column":0}},"36":{"start":{"line":37,"column":0},"end":{"line":37,"column":53}},"37":{"start":{"line":38,"column":0},"end":{"line":38,"column":38}},"38":{"start":{"line":39,"column":0},"end":{"line":39,"column":37}},"39":{"start":{"line":40,"column":0},"end":{"line":40,"column":7}},"40":{"start":{"line":41,"column":0},"end":{"line":41,"column":1}}},"s":{"0":1,"1":1,"2":1,"3":1,"4":1,"5":1,"6":1,"7":1,"8":1,"9":0,"10":0,"11":1,"12":1,"13":1,"14":0,"15":0,"16":0,"17":0,"18":0,"19":0,"20":1,"21":1,"22":0,"23":1,"24":1,"25":1,"26":0,"27":0,"28":0,"29":0,"30":0,"31":0,"32":0,"33":0,"34":0,"35":1,"36":1,"37":0,"38":0,"39":0,"40":1},"branchMap":{"0":{"type":"branch","line":2,"loc":{"start":{"line":2,"column":0},"end":{"line":2,"column":6}},"locations":[{"start":{"line":2,"column":0},"end":{"line":2,"column":6}}]},"1":{"type":"branch","line":2,"loc":{"start":{"line":2,"column":0},"end":{"line":2,"column":6}},"locations":[{"start":{"line":2,"column":0},"end":{"line":2,"column":6}}]},"2":{"type":"branch","line":2,"loc":{"start":{"line":2,"column":0},"end":{"line":2,"column":6}},"locations":[{"start":{"line":2,"column":0},"end":{"line":2,"column":6}}]},"3":{"type":"branch","line":2,"loc":{"start":{"line":2,"column":0},"end":{"line":2,"column":6}},"locations":[{"start":{"line":2,"column":0},"end":{"line":2,"column":6}}]},"4":{"type":"branch","line":2,"loc":{"start":{"line":2,"column":0},"end":{"line":2,"column":6}},"locations":[{"start":{"line":2,"column":0},"end":{"line":2,"column":6}}]},"5":{"type":"branch","line":2,"loc":{"start":{"line":2,"column":0},"end":{"line":2,"column":6}},"locations":[{"start":{"line":2,"column":0},"end":{"line":2,"column":6}}]},"6":{"type":"branch","line":2,"loc":{"start":{"line":2,"column":0},"end":{"line":2,"column":6}},"locations":[{"start":{"line":2,"column":0},"end":{"line":2,"column":6}}]},"7":{"type":"branch","line":2,"loc":{"start":{"line":2,"column":0},"end":{"line":2,"column":6}},"locations":[{"start":{"line":2,"column":0},"end":{"line":2,"column":6}}]},"8":{"type":"branch","line":2,"loc":{"start":{"line":2,"column":0},"end":{"line":2,"column":6}},"locations":[{"start":{"line":2,"column":0},"end":{"line":2,"column":6}}]},"9":{"type":"branch","line":2,"loc":{"start":{"line":2,"column":0},"end":{"line":2,"column":6}},"locations":[{"start":{"line":2,"column":0},"end":{"line":2,"column":6}}]},"10":{"type":"branch","line":2,"loc":{"start":{"line":2,"column":0},"end":{"line":2,"column":6}},"locations":[{"start":{"line":2,"column":0},"end":{"line":2,"column":6}}]},"11":{"type":"branch","line":2,"loc":{"start":{"line":2,"column":0},"end":{"line":2,"column":6}},"locations":[{"start":{"line":2,"column":0},"end":{"line":2,"column":6}}]},"12":{"type":"branch","line":2,"loc":{"start":{"line":2,"column":0},"end":{"line":2,"column":6}},"locations":[{"start":{"line":2,"column":0},"end":{"line":2,"column":6}}]},"13":{"type":"branch","line":2,"loc":{"start":{"line":2,"column":0},"end":{"line":2,"column":6}},"locations":[{"start":{"line":2,"column":0},"end":{"line":2,"column":6}}]},"14":{"type":"branch","line":2,"loc":{"start":{"line":2,"column":0},"end":{"line":2,"column":6}},"locations":[{"start":{"line":2,"column":0},"end":{"line":2,"column":6}}]},"15":{"type":"branch","line":2,"loc":{"start":{"line":2,"column":0},"end":{"line":2,"column":6}},"locations":[{"start":{"line":2,"column":0},"end":{"line":2,"column":6}}]},"16":{"type":"branch","line":2,"loc":{"start":{"line":2,"column":0},"end":{"line":2,"column":6}},"locations":[{"start":{"line":2,"column":0},"end":{"line":2,"column":6}}]},"17":{"type":"branch","line":2,"loc":{"start":{"line":2,"column":0},"end":{"line":2,"column":6}},"locations":[{"start":{"line":2,"column":0},"end":{"line":2,"column":6}}]},"18":{"type":"branch","line":9,"loc":{"start":{"line":9,"column":19},"end":{"line":12,"column":1}},"locations":[{"start":{"line":9,"column":19},"end":{"line":12,"column":1}}]},"19":{"type":"branch","line":22,"loc":{"start":{"line":22,"column":23},"end":{"line":24,"column":1}},"locations":[{"start":{"line":22,"column":23},"end":{"line":24,"column":1}}]},"20":{"type":"branch","line":37,"loc":{"start":{"line":37,"column":21},"end":{"line":41,"column":1}},"locations":[{"start":{"line":37,"column":21},"end":{"line":41,"column":1}}]}},"b":{"0":[1],"1":[0],"2":[0],"3":[0],"4":[0],"5":[0],"6":[0],"7":[2],"8":[13],"9":[2],"10":[6],"11":[1],"12":[0],"13":[0],"14":[0],"15":[3],"16":[0],"17":[3],"18":[1],"19":[1],"20":[1]},"fnMap":{"0":{"name":"_regeneratorRuntime","decl":{"start":{"line":2,"column":0},"end":{"line":2,"column":6}},"loc":{"start":{"line":2,"column":0},"end":{"line":2,"column":6}},"line":2},"1":{"name":"_regeneratorRuntime","decl":{"start":{"line":2,"column":0},"end":{"line":2,"column":6}},"loc":{"start":{"line":2,"column":0},"end":{"line":2,"column":6}},"line":2},"2":{"name":"o","decl":{"start":{"line":2,"column":0},"end":{"line":2,"column":6}},"loc":{"start":{"line":2,"column":0},"end":{"line":2,"column":6}},"line":2},"3":{"name":"define","decl":{"start":{"line":2,"column":0},"end":{"line":2,"column":6}},"loc":{"start":{"line":2,"column":0},"end":{"line":2,"column":6}},"line":2},"4":{"name":"define","decl":{"start":{"line":2,"column":0},"end":{"line":2,"column":6}},"loc":{"start":{"line":2,"column":0},"end":{"line":2,"column":6}},"line":2},"5":{"name":"wrap","decl":{"start":{"line":2,"column":0},"end":{"line":2,"column":6}},"loc":{"start":{"line":2,"column":0},"end":{"line":2,"column":6}},"line":2},"6":{"name":"tryCatch","decl":{"start":{"line":2,"column":0},"end":{"line":2,"column":6}},"loc":{"start":{"line":2,"column":0},"end":{"line":2,"column":6}},"line":2},"7":{"name":"Generator","decl":{"start":{"line":2,"column":0},"end":{"line":2,"column":6}},"loc":{"start":{"line":2,"column":0},"end":{"line":2,"column":6}},"line":2},"8":{"name":"GeneratorFunction","decl":{"start":{"line":2,"column":0},"end":{"line":2,"column":6}},"loc":{"start":{"line":2,"column":0},"end":{"line":2,"column":6}},"line":2},"9":{"name":"GeneratorFunctionPrototype","decl":{"start":{"line":2,"column":0},"end":{"line":2,"column":6}},"loc":{"start":{"line":2,"column":0},"end":{"line":2,"column":6}},"line":2},"10":{"name":"defineIteratorMethods","decl":{"start":{"line":2,"column":0},"end":{"line":2,"column":6}},"loc":{"start":{"line":2,"column":0},"end":{"line":2,"column":6}},"line":2},"11":{"name":"AsyncIterator","decl":{"start":{"line":2,"column":0},"end":{"line":2,"column":6}},"loc":{"start":{"line":2,"column":0},"end":{"line":2,"column":6}},"line":2},"12":{"name":"makeInvokeMethod","decl":{"start":{"line":2,"column":0},"end":{"line":2,"column":6}},"loc":{"start":{"line":2,"column":0},"end":{"line":2,"column":6}},"line":2},"13":{"name":"maybeInvokeDelegate","decl":{"start":{"line":2,"column":0},"end":{"line":2,"column":6}},"loc":{"start":{"line":2,"column":0},"end":{"line":2,"column":6}},"line":2},"14":{"name":"pushTryEntry","decl":{"start":{"line":2,"column":0},"end":{"line":2,"column":6}},"loc":{"start":{"line":2,"column":0},"end":{"line":2,"column":6}},"line":2},"15":{"name":"resetTryEntry","decl":{"start":{"line":2,"column":0},"end":{"line":2,"column":6}},"loc":{"start":{"line":2,"column":0},"end":{"line":2,"column":6}},"line":2},"16":{"name":"Context","decl":{"start":{"line":2,"column":0},"end":{"line":2,"column":6}},"loc":{"start":{"line":2,"column":0},"end":{"line":2,"column":6}},"line":2},"17":{"name":"values","decl":{"start":{"line":2,"column":0},"end":{"line":2,"column":6}},"loc":{"start":{"line":2,"column":0},"end":{"line":2,"column":6}},"line":2},"18":{"name":"next","decl":{"start":{"line":2,"column":0},"end":{"line":2,"column":6}},"loc":{"start":{"line":2,"column":0},"end":{"line":2,"column":6}},"line":2},"19":{"name":"e.isGeneratorFunction","decl":{"start":{"line":2,"column":0},"end":{"line":2,"column":6}},"loc":{"start":{"line":2,"column":0},"end":{"line":2,"column":6}},"line":2},"20":{"name":"e.mark","decl":{"start":{"line":2,"column":0},"end":{"line":2,"column":6}},"loc":{"start":{"line":2,"column":0},"end":{"line":2,"column":6}},"line":2},"21":{"name":"e.awrap","decl":{"start":{"line":2,"column":0},"end":{"line":2,"column":6}},"loc":{"start":{"line":2,"column":0},"end":{"line":2,"column":6}},"line":2},"22":{"name":"e.async","decl":{"start":{"line":2,"column":0},"end":{"line":2,"column":6}},"loc":{"start":{"line":2,"column":0},"end":{"line":2,"column":6}},"line":2},"23":{"name":"e.keys","decl":{"start":{"line":2,"column":0},"end":{"line":2,"column":6}},"loc":{"start":{"line":2,"column":0},"end":{"line":2,"column":6}},"line":2},"24":{"name":"reset","decl":{"start":{"line":2,"column":0},"end":{"line":2,"column":6}},"loc":{"start":{"line":2,"column":0},"end":{"line":2,"column":6}},"line":2},"25":{"name":"stop","decl":{"start":{"line":2,"column":0},"end":{"line":2,"column":6}},"loc":{"start":{"line":2,"column":0},"end":{"line":2,"column":6}},"line":2},"26":{"name":"dispatchException","decl":{"start":{"line":2,"column":0},"end":{"line":2,"column":6}},"loc":{"start":{"line":2,"column":0},"end":{"line":2,"column":6}},"line":2},"27":{"name":"abrupt","decl":{"start":{"line":2,"column":0},"end":{"line":2,"column":6}},"loc":{"start":{"line":2,"column":0},"end":{"line":2,"column":6}},"line":2},"28":{"name":"complete","decl":{"start":{"line":2,"column":0},"end":{"line":2,"column":6}},"loc":{"start":{"line":2,"column":0},"end":{"line":2,"column":6}},"line":2},"29":{"name":"finish","decl":{"start":{"line":2,"column":0},"end":{"line":2,"column":6}},"loc":{"start":{"line":2,"column":0},"end":{"line":2,"column":6}},"line":2},"30":{"name":"_catch","decl":{"start":{"line":2,"column":0},"end":{"line":2,"column":6}},"loc":{"start":{"line":2,"column":0},"end":{"line":2,"column":6}},"line":2},"31":{"name":"delegateYield","decl":{"start":{"line":2,"column":0},"end":{"line":2,"column":6}},"loc":{"start":{"line":2,"column":0},"end":{"line":2,"column":6}},"line":2},"32":{"name":"asyncGeneratorStep","decl":{"start":{"line":2,"column":0},"end":{"line":2,"column":6}},"loc":{"start":{"line":2,"column":0},"end":{"line":2,"column":6}},"line":2},"33":{"name":"_asyncToGenerator","decl":{"start":{"line":2,"column":0},"end":{"line":2,"column":6}},"loc":{"start":{"line":2,"column":0},"end":{"line":2,"column":6}},"line":2},"34":{"name":"_callee","decl":{"start":{"line":9,"column":22},"end":{"line":11,"column":65}},"loc":{"start":{"line":9,"column":22},"end":{"line":11,"column":65}},"line":9},"35":{"name":"Object.<anonymous>.exports.validateEmail","decl":{"start":{"line":14,"column":24},"end":{"line":20,"column":2}},"loc":{"start":{"line":14,"column":24},"end":{"line":20,"column":2}},"line":14},"36":{"name":"_callee2","decl":{"start":{"line":22,"column":26},"end":{"line":23,"column":48}},"loc":{"start":{"line":22,"column":26},"end":{"line":23,"column":48}},"line":22},"37":{"name":"Object.<anonymous>.exports.paginate","decl":{"start":{"line":26,"column":19},"end":{"line":35,"column":2}},"loc":{"start":{"line":26,"column":19},"end":{"line":35,"column":2}},"line":26},"38":{"name":"_callee3","decl":{"start":{"line":37,"column":24},"end":{"line":40,"column":7}},"loc":{"start":{"line":37,"column":24},"end":{"line":40,"column":7}},"line":37}},"f":{"0":1,"1":2,"2":0,"3":13,"4":0,"5":0,"6":0,"7":0,"8":0,"9":0,"10":2,"11":0,"12":0,"13":0,"14":0,"15":0,"16":0,"17":1,"18":0,"19":0,"20":3,"21":0,"22":0,"23":0,"24":0,"25":0,"26":0,"27":0,"28":0,"29":0,"30":0,"31":0,"32":0,"33":3,"34":0,"35":0,"36":0,"37":0,"38":0}}
}
